server has started
[0mGET / [36m302[0m 21.671 ms - 56[0m
[0mGET /login [36m304[0m 20.428 ms - -[0m
[0mGET /img/suapc2020.png [36m304[0m 4.040 ms - -[0m
[0mPOST /chkuser [36m302[0m 86.333 ms - 54[0m
[0mGET /main [36m304[0m 9.062 ms - -[0m
[0mGET /views/style/style.css [36m304[0m 2.375 ms - -[0m
[0mGET /login [36m304[0m 2.764 ms - -[0m
[0mGET /img/suapc2020.png [36m304[0m 0.797 ms - -[0m
[0mGET /favicon.ico [32m200[0m 7.500 ms - 67646[0m
[0mGET /login [36m304[0m 1.419 ms - -[0m
[0mGET /img/suapc2020.png [36m304[0m 0.439 ms - -[0m
[0mGET /favicon.ico [32m200[0m 1.198 ms - 67646[0m
[0mGET /login [36m304[0m 1.593 ms - -[0m
[0mGET /img/suapc2020.png [36m304[0m 0.472 ms - -[0m
[0mGET /favicon.ico [32m200[0m 0.835 ms - 67646[0m
[0mGET /login [36m304[0m 1.596 ms - -[0m
[0mGET /img/suapc2020.png [36m304[0m 0.670 ms - -[0m
[0mGET /favicon.ico [32m200[0m 0.808 ms - 67646[0m
[0mGET /login [36m304[0m 2.093 ms - -[0m
[0mGET /img/suapc2020.png [36m304[0m 0.483 ms - -[0m
[0mGET /favicon.ico [32m200[0m 1.193 ms - 67646[0m
[0mGET /main [36m304[0m 3.509 ms - -[0m
[0mGET /views/style/style.css [36m304[0m 1.153 ms - -[0m
[0mGET /login [36m304[0m 1.924 ms - -[0m
[0mGET /img/suapc2020.png [36m304[0m 0.474 ms - -[0m
server has started
[0mGET /login [36m304[0m 13.541 ms - -[0m
[0mGET /img/suapc2020.png [36m304[0m 2.681 ms - -[0m
[0mGET /favicon.ico [32m200[0m 5.656 ms - 67646[0m
[0mGET /login [36m304[0m 2.585 ms - -[0m
[0mGET /img/suapc2020.png [36m304[0m 0.824 ms - -[0m
[0mGET /favicon.ico [32m200[0m 0.797 ms - 67646[0m
[0mGET /main [36m302[0m 7.347 ms - 46[0m
[0mGET / [36m302[0m 2.210 ms - 56[0m
[0mGET /login [36m304[0m 1.394 ms - -[0m
[0mGET /img/suapc2020.png [36m304[0m 0.450 ms - -[0m
[0mPOST /chkuser [36m302[0m 18.381 ms - 54[0m
[0mGET /main [32m200[0m 3.869 ms - 1876[0m
[0mGET /views/style/style.css [36m304[0m 1.124 ms - -[0m
[0mGET /login [36m302[0m 1.092 ms - 54[0m
[0mGET /main [36m304[0m 2.994 ms - -[0m
[0mGET /views/style/style.css [36m304[0m 1.086 ms - -[0m
[0mGET / [36m302[0m 5.873 ms - 56[0m
[0mGET /login [32m200[0m 4.763 ms - 2029[0m
[0mGET /img/suapc2020.png [32m200[0m 8.418 ms - 65265[0m
[0mGET /favicon.ico [32m200[0m 3.355 ms - 67646[0m
[0mGET /login [32m200[0m 2.209 ms - 2029[0m
[0mGET /img/suapc2020.png [32m200[0m 1.332 ms - 65265[0m
[0mPOST /chkuser [36m302[0m 2.081 ms - 46[0m
[0mGET / [36m302[0m 0.925 ms - 56[0m
[0mGET /login [36m304[0m 1.735 ms - -[0m
[0mGET /img/suapc2020.png [36m304[0m 0.767 ms - -[0m
[0mPOST /chkuser [36m302[0m 1.333 ms - 54[0m
[0mGET /main [32m200[0m 7.421 ms - 1876[0m
[0mGET /views/style/style.css [32m200[0m 4.026 ms - 330[0m
[0mGET /main [36m304[0m 2.489 ms - -[0m
[0mGET /views/style/style.css [36m304[0m 0.965 ms - -[0m
[0mGET /favicon.ico [32m200[0m 1.039 ms - 67646[0m
[0mGET / [36m302[0m 2.031 ms - 56[0m
[0mGET /login [36m304[0m 2.131 ms - -[0m
[0mGET /img/suapc2020.png [36m304[0m 0.948 ms - -[0m
[0mGET / [36m302[0m 5.357 ms - 56[0m
[0mGET /login [32m200[0m 2.755 ms - 2029[0m
[0mGET /img/suapc2020.png [36m304[0m 7.109 ms - -[0m
[0mPOST /chkuser [36m302[0m 1.923 ms - 54[0m
[0mGET /main [36m304[0m 7.743 ms - -[0m
[0mGET /views/style/style.css [36m304[0m 2.452 ms - -[0m
01038578023
[ { to: '01038578023', subject: '' } ]
{ status: 202,
  statusText: 'Accepted',
  headers:
   { server: 'nginx',
     date: 'Mon, 28 Dec 2020 16:17:04 GMT',
     'content-type': 'application/json;charset=UTF-8',
     'transfer-encoding': 'chunked',
     connection: 'close',
     'x-application-context': 'application:prod',
     'x-ncp-trace-id': '3gd3565hj2dr13ccpk65gj2e9j',
     'x-ncp-apigw-response-origin': 'ENDPOINT' },
  config:
   { url:
      'https://sens.apigw.ntruss.com/sms/v2/services/ncp:sms:kr:262925160078:icpc_sinchon_sms/messages',
     method: 'post',
     data:
      '{"type":"SMS","countryCode":"82","from":"01023250564","content":"ê²½ê·¼ì´ì—ìš¤","messages":[{"to":"01038578023","subject":""}]}',
     headers:
      { Accept: 'application/json, text/plain, */*',
        'Content-Type': 'application/json;charset=utf-8',
        'x-ncp-iam-access-key': 'U7994LrYInffdB6OdR3w',
        'x-ncp-apigw-timestamp': '1609172224718',
        'x-ncp-apigw-signature-v2': 'TXGwLAeP4D2lPMNFgEH5PFgpEDyLvSbZh6BxUeuHGMY=',
        'User-Agent': 'axios/0.21.1',
        'Content-Length': 129 },
     transformRequest: [ [Function: transformRequest] ],
     transformResponse: [ [Function: transformResponse] ],
     timeout: 0,
     adapter: [Function: httpAdapter],
     xsrfCookieName: 'XSRF-TOKEN',
     xsrfHeaderName: 'X-XSRF-TOKEN',
     maxContentLength: -1,
     maxBodyLength: -1,
     validateStatus: [Function: validateStatus] },
  request:
   ClientRequest {
     _events:
      [Object: null prototype] {
        socket: [Function],
        abort: [Function],
        aborted: [Function],
        connect: [Function],
        error: [Function],
        timeout: [Function],
        prefinish: [Function: requestOnPrefinish] },
     _eventsCount: 7,
     _maxListeners: undefined,
     output: [],
     outputEncodings: [],
     outputCallbacks: [],
     outputSize: 0,
     writable: true,
     _last: true,
     chunkedEncoding: false,
     shouldKeepAlive: false,
     useChunkedEncodingByDefault: true,
     sendDate: false,
     _removedConnection: false,
     _removedContLen: false,
     _removedTE: false,
     _contentLength: null,
     _hasBody: true,
     _trailer: '',
     finished: true,
     _headerSent: true,
     socket:
      TLSSocket {
        _tlsOptions: [Object],
        _secureEstablished: true,
        _securePending: false,
        _newSessionPending: false,
        _controlReleased: true,
        _SNICallback: null,
        servername: 'sens.apigw.ntruss.com',
        alpnProtocol: false,
        authorized: true,
        authorizationError: null,
        encrypted: true,
        _events: [Object],
        _eventsCount: 8,
        connecting: false,
        _hadError: false,
        _handle: [TLSWrap],
        _parent: null,
        _host: 'sens.apigw.ntruss.com',
        _readableState: [ReadableState],
        readable: true,
        _maxListeners: undefined,
        _writableState: [WritableState],
        writable: false,
        allowHalfOpen: false,
        _sockname: null,
        _pendingData: null,
        _pendingEncoding: '',
        server: undefined,
        _server: null,
        ssl: [TLSWrap],
        _requestCert: true,
        _rejectUnauthorized: true,
        parser: null,
        _httpMessage: [Circular],
        [Symbol(res)]: [TLSWrap],
        [Symbol(asyncId)]: 1141,
        [Symbol(lastWriteQueueSize)]: 0,
        [Symbol(timeout)]: null,
        [Symbol(kBytesRead)]: 0,
        [Symbol(kBytesWritten)]: 0,
        [Symbol(connect-options)]: [Object] },
     connection:
      TLSSocket {
        _tlsOptions: [Object],
        _secureEstablished: true,
        _securePending: false,
        _newSessionPending: false,
        _controlReleased: true,
        _SNICallback: null,
        servername: 'sens.apigw.ntruss.com',
        alpnProtocol: false,
        authorized: true,
        authorizationError: null,
        encrypted: true,
        _events: [Object],
        _eventsCount: 8,
        connecting: false,
        _hadError: false,
        _handle: [TLSWrap],
        _parent: null,
        _host: 'sens.apigw.ntruss.com',
        _readableState: [ReadableState],
        readable: true,
        _maxListeners: undefined,
        _writableState: [WritableState],
        writable: false,
        allowHalfOpen: false,
        _sockname: null,
        _pendingData: null,
        _pendingEncoding: '',
        server: undefined,
        _server: null,
        ssl: [TLSWrap],
        _requestCert: true,
        _rejectUnauthorized: true,
        parser: null,
        _httpMessage: [Circular],
        [Symbol(res)]: [TLSWrap],
        [Symbol(asyncId)]: 1141,
        [Symbol(lastWriteQueueSize)]: 0,
        [Symbol(timeout)]: null,
        [Symbol(kBytesRead)]: 0,
        [Symbol(kBytesWritten)]: 0,
        [Symbol(connect-options)]: [Object] },
     _header:
      'POST /sms/v2/services/ncp:sms:kr:262925160078:icpc_sinchon_sms/messages HTTP/1.1\r\nAccept: application/json, text/plain, */*\r\nContent-Type: application/json;charset=utf-8\r\nx-ncp-iam-access-key: U7994LrYInffdB6OdR3w\r\nx-ncp-apigw-timestamp: 1609172224718\r\nx-ncp-apigw-signature-v2: TXGwLAeP4D2lPMNFgEH5PFgpEDyLvSbZh6BxUeuHGMY=\r\nUser-Agent: axios/0.21.1\r\nContent-Length: 129\r\nHost: sens.apigw.ntruss.com\r\nConnection: close\r\n\r\n',
     _onPendingData: [Function: noopPendingOutput],
     agent:
      Agent {
        _events: [Object],
        _eventsCount: 1,
        _maxListeners: undefined,
        defaultPort: 443,
        protocol: 'https:',
        options: [Object],
        requests: {},
        sockets: [Object],
        freeSockets: {},
        keepAliveMsecs: 1000,
        keepAlive: false,
        maxSockets: Infinity,
        maxFreeSockets: 256,
        maxCachedSessions: 100,
        _sessionCache: [Object] },
     socketPath: undefined,
     timeout: undefined,
     method: 'POST',
     insecureHTTPParser: undefined,
     path:
      '/sms/v2/services/ncp:sms:kr:262925160078:icpc_sinchon_sms/messages',
     _ended: true,
     res:
      IncomingMessage {
        _readableState: [ReadableState],
        readable: false,
        _events: [Object],
        _eventsCount: 3,
        _maxListeners: undefined,
        socket: [TLSSocket],
        connection: [TLSSocket],
        httpVersionMajor: 1,
        httpVersionMinor: 1,
        httpVersion: '1.1',
        complete: true,
        headers: [Object],
        rawHeaders: [Array],
        trailers: {},
        rawTrailers: [],
        aborted: false,
        upgrade: false,
        url: '',
        method: null,
        statusCode: 202,
        statusMessage: 'Accepted',
        client: [TLSSocket],
        _consuming: false,
        _dumped: false,
        req: [Circular],
        responseUrl:
         'https://sens.apigw.ntruss.com/sms/v2/services/ncp:sms:kr:262925160078:icpc_sinchon_sms/messages',
        redirects: [] },
     aborted: undefined,
     timeoutCb: null,
     upgradeOrConnect: false,
     parser: null,
     maxHeadersCount: null,
     _redirectable:
      Writable {
        _writableState: [WritableState],
        writable: true,
        _events: [Object],
        _eventsCount: 2,
        _maxListeners: undefined,
        _options: [Object],
        _ended: true,
        _ending: true,
        _redirectCount: 0,
        _redirects: [],
        _requestBodyLength: 129,
        _requestBodyBuffers: [],
        _onNativeResponse: [Function],
        _currentRequest: [Circular],
        _currentUrl:
         'https://sens.apigw.ntruss.com/sms/v2/services/ncp:sms:kr:262925160078:icpc_sinchon_sms/messages' },
     [Symbol(isCorked)]: false,
     [Symbol(outHeadersKey)]:
      [Object: null prototype] {
        accept: [Array],
        'content-type': [Array],
        'x-ncp-iam-access-key': [Array],
        'x-ncp-apigw-timestamp': [Array],
        'x-ncp-apigw-signature-v2': [Array],
        'user-agent': [Array],
        'content-length': [Array],
        host: [Array] } },
  data:
   { statusCode: '202',
     statusName: 'success',
     requestId: 'dc012683ea9c4fe1a262d03927788bf3',
     requestTime: '2020-12-29T01:17:04.812' } }
[0mPOST /api/send [36m302[0m 146.181 ms - 54[0m
[0mGET /main [36m304[0m 6.668 ms - -[0m
[0mGET /views/style/style.css [36m304[0m 1.838 ms - -[0m
[0mGET /main [36m304[0m 1.806 ms - -[0m
[0mGET /views/style/style.css [36m304[0m 0.773 ms - -[0m
[0mGET / [36m302[0m 4.229 ms - 54[0m
[0mGET /logout [36m302[0m 1.556 ms - 46[0m
[0mGET / [36m302[0m 0.607 ms - 56[0m
[0mGET /login [36m304[0m 2.793 ms - -[0m
[0mGET /img/suapc2020.png [36m304[0m 4.305 ms - -[0m
[0mGET /login [36m304[0m 6.038 ms - -[0m
[0mGET /img/suapc2020.png [36m304[0m 0.585 ms - -[0m
[0mGET /login [36m304[0m 1.814 ms - -[0m
[0mGET /favicon.ico [32m200[0m 2.968 ms - 67646[0m
[0mGET /img/suapc2020.png [36m304[0m 0.447 ms - -[0m
[0mGET /favicon.ico [32m200[0m 0.762 ms - 67646[0m
[0mGET /login [32m200[0m 7.497 ms - 2029[0m
[0mGET / [36m302[0m 5.493 ms - 56[0m
[0mGET /login [36m304[0m 4.074 ms - -[0m
[0mGET /img/suapc2020.png [36m304[0m 5.989 ms - -[0m
[0mPOST /chkuser [36m302[0m 2.709 ms - 54[0m
[0mGET /main [32m200[0m 8.092 ms - 1876[0m
[0mGET /views/style/style.css [32m200[0m 4.217 ms - 330[0m
[0mGET / [36m302[0m 2.480 ms - 28[0m
[0mGET / [36m302[0m 21.468 ms - 28[0m
[0mGET /login [32m200[0m 3.350 ms - 2029[0m
[0mGET / [36m302[0m 6.157 ms - 28[0m
[0mGET / [36m302[0m 1.646 ms - 28[0m
[0mGET /login [32m200[0m 7.754 ms - 2029[0m
[0mGET /main [36m304[0m 9.277 ms - -[0m
[0mGET /views/style/style.css [36m304[0m 3.007 ms - -[0m
[0mGET / [36m302[0m 4.968 ms - 56[0m
[0mGET /login [36m304[0m 5.014 ms - -[0m
[0mGET /img/suapc2020.png [36m304[0m 2.275 ms - -[0m
[0mPOST /chkuser [36m302[0m 2.507 ms - 54[0m
[0mGET /main [36m304[0m 10.566 ms - -[0m
[0mGET /views/style/style.css [36m304[0m 1.096 ms - -[0m
01027646794
[ { to: '01027646794', subject: 'ICPC Sinchon 3ë“± ! ! !' } ]
{ status: 202,
  statusText: 'Accepted',
  headers:
   { server: 'nginx',
     date: 'Tue, 29 Dec 2020 08:35:50 GMT',
     'content-type': 'application/json;charset=UTF-8',
     'transfer-encoding': 'chunked',
     connection: 'close',
     'x-application-context': 'application:prod',
     'x-ncp-trace-id': '3ephg70o3cdpn6cc1hc5ij0d9j',
     'x-ncp-apigw-response-origin': 'ENDPOINT' },
  config:
   { url:
      'https://sens.apigw.ntruss.com/sms/v2/services/ncp:sms:kr:262925160078:icpc_sinchon_sms/messages',
     method: 'post',
     data:
      '{"type":"SMS","countryCode":"82","from":"01023250564","content":"ì•ˆë…•í•˜ì„¸ìš”\\r\\nICPC Sinchon ìš´ì˜ì§„ì…ë‹ˆë‹¤.\\r\\n\\r\\nì´ë²ˆ ICPC Sinchon World Loungeì—ì„œ 3ë“±ì„ í•˜ì…”ì„œ ì—°ë½ë“œë ¸ìŠµë‹ˆë‹¤.\\r\\n1ë“±ì€ ë‚¨ìˆ˜ì—°(ccoco) 2ë“±ì€ ì´ë™ì£¼()ì…ë‹ˆë‹¤.\\r\\n\\r\\në‹¤ì‹œ í•œ ë²ˆ ì¶•í•˜ë“œë¦½ë‹ˆë‹¤!\\r\\n","messages":[{"to":"01027646794","subject":"ICPC Sinchon 3ë“± ! ! !"}]}',
     headers:
      { Accept: 'application/json, text/plain, */*',
        'Content-Type': 'application/json;charset=utf-8',
        'x-ncp-iam-access-key': 'U7994LrYInffdB6OdR3w',
        'x-ncp-apigw-timestamp': '1609230950387',
        'x-ncp-apigw-signature-v2': 'E682eofIrTHkd3TmiD5c27UDphATvYl+YgOWSkfNObk=',
        'User-Agent': 'axios/0.21.1',
        'Content-Length': 379 },
     transformRequest: [ [Function: transformRequest] ],
     transformResponse: [ [Function: transformResponse] ],
     timeout: 0,
     adapter: [Function: httpAdapter],
     xsrfCookieName: 'XSRF-TOKEN',
     xsrfHeaderName: 'X-XSRF-TOKEN',
     maxContentLength: -1,
     maxBodyLength: -1,
     validateStatus: [Function: validateStatus] },
  request:
   ClientRequest {
     _events:
      [Object: null prototype] {
        socket: [Function],
        abort: [Function],
        aborted: [Function],
        connect: [Function],
        error: [Function],
        timeout: [Function],
        prefinish: [Function: requestOnPrefinish] },
     _eventsCount: 7,
     _maxListeners: undefined,
     output: [],
     outputEncodings: [],
     outputCallbacks: [],
     outputSize: 0,
     writable: true,
     _last: true,
     chunkedEncoding: false,
     shouldKeepAlive: false,
     useChunkedEncodingByDefault: true,
     sendDate: false,
     _removedConnection: false,
     _removedContLen: false,
     _removedTE: false,
     _contentLength: null,
     _hasBody: true,
     _trailer: '',
     finished: true,
     _headerSent: true,
     socket:
      TLSSocket {
        _tlsOptions: [Object],
        _secureEstablished: true,
        _securePending: false,
        _newSessionPending: false,
        _controlReleased: true,
        _SNICallback: null,
        servername: 'sens.apigw.ntruss.com',
        alpnProtocol: false,
        authorized: true,
        authorizationError: null,
        encrypted: true,
        _events: [Object],
        _eventsCount: 8,
        connecting: false,
        _hadError: false,
        _handle: [TLSWrap],
        _parent: null,
        _host: 'sens.apigw.ntruss.com',
        _readableState: [ReadableState],
        readable: true,
        _maxListeners: undefined,
        _writableState: [WritableState],
        writable: false,
        allowHalfOpen: false,
        _sockname: null,
        _pendingData: null,
        _pendingEncoding: '',
        server: undefined,
        _server: null,
        ssl: [TLSWrap],
        _requestCert: true,
        _rejectUnauthorized: true,
        parser: null,
        _httpMessage: [Circular],
        [Symbol(res)]: [TLSWrap],
        [Symbol(asyncId)]: 2291,
        [Symbol(lastWriteQueueSize)]: 0,
        [Symbol(timeout)]: null,
        [Symbol(kBytesRead)]: 0,
        [Symbol(kBytesWritten)]: 0,
        [Symbol(connect-options)]: [Object] },
     connection:
      TLSSocket {
        _tlsOptions: [Object],
        _secureEstablished: true,
        _securePending: false,
        _newSessionPending: false,
        _controlReleased: true,
        _SNICallback: null,
        servername: 'sens.apigw.ntruss.com',
        alpnProtocol: false,
        authorized: true,
        authorizationError: null,
        encrypted: true,
        _events: [Object],
        _eventsCount: 8,
        connecting: false,
        _hadError: false,
        _handle: [TLSWrap],
        _parent: null,
        _host: 'sens.apigw.ntruss.com',
        _readableState: [ReadableState],
        readable: true,
        _maxListeners: undefined,
        _writableState: [WritableState],
        writable: false,
        allowHalfOpen: false,
        _sockname: null,
        _pendingData: null,
        _pendingEncoding: '',
        server: undefined,
        _server: null,
        ssl: [TLSWrap],
        _requestCert: true,
        _rejectUnauthorized: true,
        parser: null,
        _httpMessage: [Circular],
        [Symbol(res)]: [TLSWrap],
        [Symbol(asyncId)]: 2291,
        [Symbol(lastWriteQueueSize)]: 0,
        [Symbol(timeout)]: null,
        [Symbol(kBytesRead)]: 0,
        [Symbol(kBytesWritten)]: 0,
        [Symbol(connect-options)]: [Object] },
     _header:
      'POST /sms/v2/services/ncp:sms:kr:262925160078:icpc_sinchon_sms/messages HTTP/1.1\r\nAccept: application/json, text/plain, */*\r\nContent-Type: application/json;charset=utf-8\r\nx-ncp-iam-access-key: U7994LrYInffdB6OdR3w\r\nx-ncp-apigw-timestamp: 1609230950387\r\nx-ncp-apigw-signature-v2: E682eofIrTHkd3TmiD5c27UDphATvYl+YgOWSkfNObk=\r\nUser-Agent: axios/0.21.1\r\nContent-Length: 379\r\nHost: sens.apigw.ntruss.com\r\nConnection: close\r\n\r\n',
     _onPendingData: [Function: noopPendingOutput],
     agent:
      Agent {
        _events: [Object],
        _eventsCount: 1,
        _maxListeners: undefined,
        defaultPort: 443,
        protocol: 'https:',
        options: [Object],
        requests: {},
        sockets: [Object],
        freeSockets: {},
        keepAliveMsecs: 1000,
        keepAlive: false,
        maxSockets: Infinity,
        maxFreeSockets: 256,
        maxCachedSessions: 100,
        _sessionCache: [Object] },
     socketPath: undefined,
     timeout: undefined,
     method: 'POST',
     insecureHTTPParser: undefined,
     path:
      '/sms/v2/services/ncp:sms:kr:262925160078:icpc_sinchon_sms/messages',
     _ended: true,
     res:
      IncomingMessage {
        _readableState: [ReadableState],
        readable: false,
        _events: [Object],
        _eventsCount: 3,
        _maxListeners: undefined,
        socket: [TLSSocket],
        connection: [TLSSocket],
        httpVersionMajor: 1,
        httpVersionMinor: 1,
        httpVersion: '1.1',
        complete: true,
        headers: [Object],
        rawHeaders: [Array],
        trailers: {},
        rawTrailers: [],
        aborted: false,
        upgrade: false,
        url: '',
        method: null,
        statusCode: 202,
        statusMessage: 'Accepted',
        client: [TLSSocket],
        _consuming: false,
        _dumped: false,
        req: [Circular],
        responseUrl:
         'https://sens.apigw.ntruss.com/sms/v2/services/ncp:sms:kr:262925160078:icpc_sinchon_sms/messages',
        redirects: [] },
     aborted: undefined,
     timeoutCb: null,
     upgradeOrConnect: false,
     parser: null,
     maxHeadersCount: null,
     _redirectable:
      Writable {
        _writableState: [WritableState],
        writable: true,
        _events: [Object],
        _eventsCount: 2,
        _maxListeners: undefined,
        _options: [Object],
        _ended: true,
        _ending: true,
        _redirectCount: 0,
        _redirects: [],
        _requestBodyLength: 379,
        _requestBodyBuffers: [],
        _onNativeResponse: [Function],
        _currentRequest: [Circular],
        _currentUrl:
         'https://sens.apigw.ntruss.com/sms/v2/services/ncp:sms:kr:262925160078:icpc_sinchon_sms/messages' },
     [Symbol(isCorked)]: false,
     [Symbol(outHeadersKey)]:
      [Object: null prototype] {
        accept: [Array],
        'content-type': [Array],
        'x-ncp-iam-access-key': [Array],
        'x-ncp-apigw-timestamp': [Array],
        'x-ncp-apigw-signature-v2': [Array],
        'user-agent': [Array],
        'content-length': [Array],
        host: [Array] } },
  data:
   { statusCode: '202',
     statusName: 'success',
     requestId: '69af193002574f22a52710571ae6fa35',
     requestTime: '2020-12-29T17:35:50.446' } }
[0mPOST /api/send [36m302[0m 66.623 ms - 54[0m
[0mGET /main [36m304[0m 2.769 ms - -[0m
[0mGET /views/style/style.css [36m304[0m 0.963 ms - -[0m
[0mGET / [36m302[0m 0.819 ms - 54[0m
[0mGET /main [36m304[0m 1.759 ms - -[0m
[0mGET /views/style/style.css [36m304[0m 0.825 ms - -[0m
[0mGET /logout [36m302[0m 1.205 ms - 46[0m
[0mGET / [36m302[0m 0.982 ms - 56[0m
[0mGET /login [36m304[0m 1.167 ms - -[0m
[0mGET /img/suapc2020.png [36m304[0m 0.727 ms - -[0m
[0mGET /login [32m200[0m 2.788 ms - 2029[0m
[0mGET /img/suapc2020.png [32m200[0m 3.961 ms - 65265[0m
[0mGET /favicon.ico [32m200[0m 3.421 ms - 67646[0m
[0mPOST /chkuser [36m302[0m 2.511 ms - 54[0m
[0mGET /main [36m304[0m 2.572 ms - -[0m
[0mGET /views/style/style.css [36m304[0m 1.102 ms - -[0m

[ { to: '', subject: '' } ]
{ Error: Request failed with status code 400
    at createError (/home/ubuntu/git/icpc_sms/node_modules/axios/lib/core/createError.js:16:15)
    at settle (/home/ubuntu/git/icpc_sms/node_modules/axios/lib/core/settle.js:17:12)
    at IncomingMessage.handleStreamEnd (/home/ubuntu/git/icpc_sms/node_modules/axios/lib/adapters/http.js:260:11)
    at IncomingMessage.emit (events.js:203:15)
    at endReadableNT (_stream_readable.js:1145:12)
    at process._tickCallback (internal/process/next_tick.js:63:19)
  config:
   { url:
      'https://sens.apigw.ntruss.com/sms/v2/services/ncp:sms:kr:262925160078:icpc_sinchon_sms/messages',
     method: 'post',
     data:
      '{"type":"SMS","countryCode":"82","from":"","content":"ì•ˆë…•í•˜ì„¸ìš”ICPCSinchonìš´ì˜ì§„ì…ë‹ˆë‹¤ì´ë²ˆICPCSInchonWorldLoungeì—ì„œ3ë“±ì„í•˜ì…”ì„œì—°ë½ë“œë¦½ë‹ˆë‹¤ë‹¤ì‹œí•œë²ˆì¶•í•˜ë“œë¦½ë‹ˆë‹¤","messages":[{"to":"","subject":""}]}',
     headers:
      { Accept: 'application/json, text/plain, */*',
        'Content-Type': 'application/json;charset=utf-8',
        'x-ncp-iam-access-key': 'U7994LrYInffdB6OdR3w',
        'x-ncp-apigw-timestamp': '1609231076093',
        'x-ncp-apigw-signature-v2': 'lnozvfNB3V1ex/nlW6Em+A2sQAa0DyW4ubp1WjLGxII=',
        'User-Agent': 'axios/0.21.1',
        'Content-Length': 234 },
     transformRequest: [ [Function: transformRequest] ],
     transformResponse: [ [Function: transformResponse] ],
     timeout: 0,
     adapter: [Function: httpAdapter],
     xsrfCookieName: 'XSRF-TOKEN',
     xsrfHeaderName: 'X-XSRF-TOKEN',
     maxContentLength: -1,
     maxBodyLength: -1,
     validateStatus: [Function: validateStatus] },
  request:
   ClientRequest {
     _events:
      [Object: null prototype] {
        socket: [Function],
        abort: [Function],
        aborted: [Function],
        connect: [Function],
        error: [Function],
        timeout: [Function],
        prefinish: [Function: requestOnPrefinish] },
     _eventsCount: 7,
     _maxListeners: undefined,
     output: [],
     outputEncodings: [],
     outputCallbacks: [],
     outputSize: 0,
     writable: true,
     _last: true,
     chunkedEncoding: false,
     shouldKeepAlive: false,
     useChunkedEncodingByDefault: true,
     sendDate: false,
     _removedConnection: false,
     _removedContLen: false,
     _removedTE: false,
     _contentLength: null,
     _hasBody: true,
     _trailer: '',
     finished: true,
     _headerSent: true,
     socket:
      TLSSocket {
        _tlsOptions: [Object],
        _secureEstablished: true,
        _securePending: false,
        _newSessionPending: false,
        _controlReleased: true,
        _SNICallback: null,
        servername: 'sens.apigw.ntruss.com',
        alpnProtocol: false,
        authorized: true,
        authorizationError: null,
        encrypted: true,
        _events: [Object],
        _eventsCount: 8,
        connecting: false,
        _hadError: false,
        _handle: [TLSWrap],
        _parent: null,
        _host: 'sens.apigw.ntruss.com',
        _readableState: [ReadableState],
        readable: true,
        _maxListeners: undefined,
        _writableState: [WritableState],
        writable: false,
        allowHalfOpen: false,
        _sockname: null,
        _pendingData: null,
        _pendingEncoding: '',
        server: undefined,
        _server: null,
        ssl: [TLSWrap],
        _requestCert: true,
        _rejectUnauthorized: true,
        parser: null,
        _httpMessage: [Circular],
        [Symbol(res)]: [TLSWrap],
        [Symbol(asyncId)]: 2742,
        [Symbol(lastWriteQueueSize)]: 0,
        [Symbol(timeout)]: null,
        [Symbol(kBytesRead)]: 0,
        [Symbol(kBytesWritten)]: 0,
        [Symbol(connect-options)]: [Object] },
     connection:
      TLSSocket {
        _tlsOptions: [Object],
        _secureEstablished: true,
        _securePending: false,
        _newSessionPending: false,
        _controlReleased: true,
        _SNICallback: null,
        servername: 'sens.apigw.ntruss.com',
        alpnProtocol: false,
        authorized: true,
        authorizationError: null,
        encrypted: true,
        _events: [Object],
        _eventsCount: 8,
        connecting: false,
        _hadError: false,
        _handle: [TLSWrap],
        _parent: null,
        _host: 'sens.apigw.ntruss.com',
        _readableState: [ReadableState],
        readable: true,
        _maxListeners: undefined,
        _writableState: [WritableState],
        writable: false,
        allowHalfOpen: false,
        _sockname: null,
        _pendingData: null,
        _pendingEncoding: '',
        server: undefined,
        _server: null,
        ssl: [TLSWrap],
        _requestCert: true,
        _rejectUnauthorized: true,
        parser: null,
        _httpMessage: [Circular],
        [Symbol(res)]: [TLSWrap],
        [Symbol(asyncId)]: 2742,
        [Symbol(lastWriteQueueSize)]: 0,
        [Symbol(timeout)]: null,
        [Symbol(kBytesRead)]: 0,
        [Symbol(kBytesWritten)]: 0,
        [Symbol(connect-options)]: [Object] },
     _header:
      'POST /sms/v2/services/ncp:sms:kr:262925160078:icpc_sinchon_sms/messages HTTP/1.1\r\nAccept: application/json, text/plain, */*\r\nContent-Type: application/json;charset=utf-8\r\nx-ncp-iam-access-key: U7994LrYInffdB6OdR3w\r\nx-ncp-apigw-timestamp: 1609231076093\r\nx-ncp-apigw-signature-v2: lnozvfNB3V1ex/nlW6Em+A2sQAa0DyW4ubp1WjLGxII=\r\nUser-Agent: axios/0.21.1\r\nContent-Length: 234\r\nHost: sens.apigw.ntruss.com\r\nConnection: close\r\n\r\n',
     _onPendingData: [Function: noopPendingOutput],
     agent:
      Agent {
        _events: [Object],
        _eventsCount: 1,
        _maxListeners: undefined,
        defaultPort: 443,
        protocol: 'https:',
        options: [Object],
        requests: {},
        sockets: [Object],
        freeSockets: {},
        keepAliveMsecs: 1000,
        keepAlive: false,
        maxSockets: Infinity,
        maxFreeSockets: 256,
        maxCachedSessions: 100,
        _sessionCache: [Object] },
     socketPath: undefined,
     timeout: undefined,
     method: 'POST',
     insecureHTTPParser: undefined,
     path:
      '/sms/v2/services/ncp:sms:kr:262925160078:icpc_sinchon_sms/messages',
     _ended: true,
     res:
      IncomingMessage {
        _readableState: [ReadableState],
        readable: false,
        _events: [Object],
        _eventsCount: 3,
        _maxListeners: undefined,
        socket: [TLSSocket],
        connection: [TLSSocket],
        httpVersionMajor: 1,
        httpVersionMinor: 1,
        httpVersion: '1.1',
        complete: true,
        headers: [Object],
        rawHeaders: [Array],
        trailers: {},
        rawTrailers: [],
        aborted: false,
        upgrade: false,
        url: '',
        method: null,
        statusCode: 400,
        statusMessage: 'Bad Request',
        client: [TLSSocket],
        _consuming: false,
        _dumped: false,
        req: [Circular],
        responseUrl:
         'https://sens.apigw.ntruss.com/sms/v2/services/ncp:sms:kr:262925160078:icpc_sinchon_sms/messages',
        redirects: [] },
     aborted: undefined,
     timeoutCb: null,
     upgradeOrConnect: false,
     parser: null,
     maxHeadersCount: null,
     _redirectable:
      Writable {
        _writableState: [WritableState],
        writable: true,
        _events: [Object],
        _eventsCount: 2,
        _maxListeners: undefined,
        _options: [Object],
        _ended: true,
        _ending: true,
        _redirectCount: 0,
        _redirects: [],
        _requestBodyLength: 234,
        _requestBodyBuffers: [],
        _onNativeResponse: [Function],
        _currentRequest: [Circular],
        _currentUrl:
         'https://sens.apigw.ntruss.com/sms/v2/services/ncp:sms:kr:262925160078:icpc_sinchon_sms/messages' },
     [Symbol(isCorked)]: false,
     [Symbol(outHeadersKey)]:
      [Object: null prototype] {
        accept: [Array],
        'content-type': [Array],
        'x-ncp-iam-access-key': [Array],
        'x-ncp-apigw-timestamp': [Array],
        'x-ncp-apigw-signature-v2': [Array],
        'user-agent': [Array],
        'content-length': [Array],
        host: [Array] } },
  response:
   { status: 400,
     statusText: 'Bad Request',
     headers:
      { server: 'nginx',
        date: 'Tue, 29 Dec 2020 08:37:56 GMT',
        'content-type': 'application/json;charset=UTF-8',
        'transfer-encoding': 'chunked',
        connection: 'close',
        'x-application-context': 'application:prod',
        'x-ncp-trace-id': '34e1l74pmac3436d9k70sjec1m',
        'x-ncp-apigw-response-origin': 'ENDPOINT' },
     config:
      { url:
         'https://sens.apigw.ntruss.com/sms/v2/services/ncp:sms:kr:262925160078:icpc_sinchon_sms/messages',
        method: 'post',
        data:
         '{"type":"SMS","countryCode":"82","from":"","content":"ì•ˆë…•í•˜ì„¸ìš”ICPCSinchonìš´ì˜ì§„ì…ë‹ˆë‹¤ì´ë²ˆICPCSInchonWorldLoungeì—ì„œ3ë“±ì„í•˜ì…”ì„œì—°ë½ë“œë¦½ë‹ˆë‹¤ë‹¤ì‹œí•œë²ˆì¶•í•˜ë“œë¦½ë‹ˆë‹¤","messages":[{"to":"","subject":""}]}',
        headers: [Object],
        transformRequest: [Array],
        transformResponse: [Array],
        timeout: 0,
        adapter: [Function: httpAdapter],
        xsrfCookieName: 'XSRF-TOKEN',
        xsrfHeaderName: 'X-XSRF-TOKEN',
        maxContentLength: -1,
        maxBodyLength: -1,
        validateStatus: [Function: validateStatus] },
     request:
      ClientRequest {
        _events: [Object],
        _eventsCount: 7,
        _maxListeners: undefined,
        output: [],
        outputEncodings: [],
        outputCallbacks: [],
        outputSize: 0,
        writable: true,
        _last: true,
        chunkedEncoding: false,
        shouldKeepAlive: false,
        useChunkedEncodingByDefault: true,
        sendDate: false,
        _removedConnection: false,
        _removedContLen: false,
        _removedTE: false,
        _contentLength: null,
        _hasBody: true,
        _trailer: '',
        finished: true,
        _headerSent: true,
        socket: [TLSSocket],
        connection: [TLSSocket],
        _header:
         'POST /sms/v2/services/ncp:sms:kr:262925160078:icpc_sinchon_sms/messages HTTP/1.1\r\nAccept: application/json, text/plain, */*\r\nContent-Type: application/json;charset=utf-8\r\nx-ncp-iam-access-key: U7994LrYInffdB6OdR3w\r\nx-ncp-apigw-timestamp: 1609231076093\r\nx-ncp-apigw-signature-v2: lnozvfNB3V1ex/nlW6Em+A2sQAa0DyW4ubp1WjLGxII=\r\nUser-Agent: axios/0.21.1\r\nContent-Length: 234\r\nHost: sens.apigw.ntruss.com\r\nConnection: close\r\n\r\n',
        _onPendingData: [Function: noopPendingOutput],
        agent: [Agent],
        socketPath: undefined,
        timeout: undefined,
        method: 'POST',
        insecureHTTPParser: undefined,
        path:
         '/sms/v2/services/ncp:sms:kr:262925160078:icpc_sinchon_sms/messages',
        _ended: true,
        res: [IncomingMessage],
        aborted: undefined,
        timeoutCb: null,
        upgradeOrConnect: false,
        parser: null,
        maxHeadersCount: null,
        _redirectable: [Writable],
        [Symbol(isCorked)]: false,
        [Symbol(outHeadersKey)]: [Object] },
     data:
      { errors: [Array],
        errorMessage: 'Validation failed. 3 error(s)',
        status: 400 } },
  isAxiosError: true,
  toJSON: [Function: toJSON] }
[0mPOST /api/send [32m200[0m 63.364 ms - 5[0m
01027646794
[ { to: '01027646794', subject: '' } ]
{ status: 202,
  statusText: 'Accepted',
  headers:
   { server: 'nginx',
     date: 'Tue, 29 Dec 2020 08:38:14 GMT',
     'content-type': 'application/json;charset=UTF-8',
     'transfer-encoding': 'chunked',
     connection: 'close',
     'x-application-context': 'application:prod',
     'x-ncp-trace-id': '3gc1nckp66phj66dj36pi6cphj',
     'x-ncp-apigw-response-origin': 'ENDPOINT' },
  config:
   { url:
      'https://sens.apigw.ntruss.com/sms/v2/services/ncp:sms:kr:262925160078:icpc_sinchon_sms/messages',
     method: 'post',
     data:
      '{"type":"SMS","countryCode":"82","from":"01023250564","content":"ì•ˆë…•í•˜ì„¸ìš”ICPCSinchonìš´ì˜ì§„ì…ë‹ˆë‹¤ì´ë²ˆICPCSInchonWorldLoungeì—ì„œ3ë“±ì„í•˜ì…”ì„œì—°ë½ë“œë¦½ë‹ˆë‹¤ë‹¤ì‹œí•œë²ˆì¶•í•˜ë“œë¦½ë‹ˆë‹¤","messages":[{"to":"01027646794","subject":""}]}',
     headers:
      { Accept: 'application/json, text/plain, */*',
        'Content-Type': 'application/json;charset=utf-8',
        'x-ncp-iam-access-key': 'U7994LrYInffdB6OdR3w',
        'x-ncp-apigw-timestamp': '1609231094841',
        'x-ncp-apigw-signature-v2': 'wMdsgDL+uHkt250bZQXPygbE5PghoJvRnAlsy333PTg=',
        'User-Agent': 'axios/0.21.1',
        'Content-Length': 256 },
     transformRequest: [ [Function: transformRequest] ],
     transformResponse: [ [Function: transformResponse] ],
     timeout: 0,
     adapter: [Function: httpAdapter],
     xsrfCookieName: 'XSRF-TOKEN',
     xsrfHeaderName: 'X-XSRF-TOKEN',
     maxContentLength: -1,
     maxBodyLength: -1,
     validateStatus: [Function: validateStatus] },
  request:
   ClientRequest {
     _events:
      [Object: null prototype] {
        socket: [Function],
        abort: [Function],
        aborted: [Function],
        connect: [Function],
        error: [Function],
        timeout: [Function],
        prefinish: [Function: requestOnPrefinish] },
     _eventsCount: 7,
     _maxListeners: undefined,
     output: [],
     outputEncodings: [],
     outputCallbacks: [],
     outputSize: 0,
     writable: true,
     _last: true,
     chunkedEncoding: false,
     shouldKeepAlive: false,
     useChunkedEncodingByDefault: true,
     sendDate: false,
     _removedConnection: false,
     _removedContLen: false,
     _removedTE: false,
     _contentLength: null,
     _hasBody: true,
     _trailer: '',
     finished: true,
     _headerSent: true,
     socket:
      TLSSocket {
        _tlsOptions: [Object],
        _secureEstablished: true,
        _securePending: false,
        _newSessionPending: false,
        _controlReleased: true,
        _SNICallback: null,
        servername: 'sens.apigw.ntruss.com',
        alpnProtocol: false,
        authorized: true,
        authorizationError: null,
        encrypted: true,
        _events: [Object],
        _eventsCount: 8,
        connecting: false,
        _hadError: false,
        _handle: [TLSWrap],
        _parent: null,
        _host: 'sens.apigw.ntruss.com',
        _readableState: [ReadableState],
        readable: true,
        _maxListeners: undefined,
        _writableState: [WritableState],
        writable: false,
        allowHalfOpen: false,
        _sockname: null,
        _pendingData: null,
        _pendingEncoding: '',
        server: undefined,
        _server: null,
        ssl: [TLSWrap],
        _requestCert: true,
        _rejectUnauthorized: true,
        parser: null,
        _httpMessage: [Circular],
        [Symbol(res)]: [TLSWrap],
        [Symbol(asyncId)]: 2795,
        [Symbol(lastWriteQueueSize)]: 0,
        [Symbol(timeout)]: null,
        [Symbol(kBytesRead)]: 0,
        [Symbol(kBytesWritten)]: 0,
        [Symbol(connect-options)]: [Object] },
     connection:
      TLSSocket {
        _tlsOptions: [Object],
        _secureEstablished: true,
        _securePending: false,
        _newSessionPending: false,
        _controlReleased: true,
        _SNICallback: null,
        servername: 'sens.apigw.ntruss.com',
        alpnProtocol: false,
        authorized: true,
        authorizationError: null,
        encrypted: true,
        _events: [Object],
        _eventsCount: 8,
        connecting: false,
        _hadError: false,
        _handle: [TLSWrap],
        _parent: null,
        _host: 'sens.apigw.ntruss.com',
        _readableState: [ReadableState],
        readable: true,
        _maxListeners: undefined,
        _writableState: [WritableState],
        writable: false,
        allowHalfOpen: false,
        _sockname: null,
        _pendingData: null,
        _pendingEncoding: '',
        server: undefined,
        _server: null,
        ssl: [TLSWrap],
        _requestCert: true,
        _rejectUnauthorized: true,
        parser: null,
        _httpMessage: [Circular],
        [Symbol(res)]: [TLSWrap],
        [Symbol(asyncId)]: 2795,
        [Symbol(lastWriteQueueSize)]: 0,
        [Symbol(timeout)]: null,
        [Symbol(kBytesRead)]: 0,
        [Symbol(kBytesWritten)]: 0,
        [Symbol(connect-options)]: [Object] },
     _header:
      'POST /sms/v2/services/ncp:sms:kr:262925160078:icpc_sinchon_sms/messages HTTP/1.1\r\nAccept: application/json, text/plain, */*\r\nContent-Type: application/json;charset=utf-8\r\nx-ncp-iam-access-key: U7994LrYInffdB6OdR3w\r\nx-ncp-apigw-timestamp: 1609231094841\r\nx-ncp-apigw-signature-v2: wMdsgDL+uHkt250bZQXPygbE5PghoJvRnAlsy333PTg=\r\nUser-Agent: axios/0.21.1\r\nContent-Length: 256\r\nHost: sens.apigw.ntruss.com\r\nConnection: close\r\n\r\n',
     _onPendingData: [Function: noopPendingOutput],
     agent:
      Agent {
        _events: [Object],
        _eventsCount: 1,
        _maxListeners: undefined,
        defaultPort: 443,
        protocol: 'https:',
        options: [Object],
        requests: {},
        sockets: [Object],
        freeSockets: {},
        keepAliveMsecs: 1000,
        keepAlive: false,
        maxSockets: Infinity,
        maxFreeSockets: 256,
        maxCachedSessions: 100,
        _sessionCache: [Object] },
     socketPath: undefined,
     timeout: undefined,
     method: 'POST',
     insecureHTTPParser: undefined,
     path:
      '/sms/v2/services/ncp:sms:kr:262925160078:icpc_sinchon_sms/messages',
     _ended: true,
     res:
      IncomingMessage {
        _readableState: [ReadableState],
        readable: false,
        _events: [Object],
        _eventsCount: 3,
        _maxListeners: undefined,
        socket: [TLSSocket],
        connection: [TLSSocket],
        httpVersionMajor: 1,
        httpVersionMinor: 1,
        httpVersion: '1.1',
        complete: true,
        headers: [Object],
        rawHeaders: [Array],
        trailers: {},
        rawTrailers: [],
        aborted: false,
        upgrade: false,
        url: '',
        method: null,
        statusCode: 202,
        statusMessage: 'Accepted',
        client: [TLSSocket],
        _consuming: false,
        _dumped: false,
        req: [Circular],
        responseUrl:
         'https://sens.apigw.ntruss.com/sms/v2/services/ncp:sms:kr:262925160078:icpc_sinchon_sms/messages',
        redirects: [] },
     aborted: undefined,
     timeoutCb: null,
     upgradeOrConnect: false,
     parser: null,
     maxHeadersCount: null,
     _redirectable:
      Writable {
        _writableState: [WritableState],
        writable: true,
        _events: [Object],
        _eventsCount: 2,
        _maxListeners: undefined,
        _options: [Object],
        _ended: true,
        _ending: true,
        _redirectCount: 0,
        _redirects: [],
        _requestBodyLength: 256,
        _requestBodyBuffers: [],
        _onNativeResponse: [Function],
        _currentRequest: [Circular],
        _currentUrl:
         'https://sens.apigw.ntruss.com/sms/v2/services/ncp:sms:kr:262925160078:icpc_sinchon_sms/messages' },
     [Symbol(isCorked)]: false,
     [Symbol(outHeadersKey)]:
      [Object: null prototype] {
        accept: [Array],
        'content-type': [Array],
        'x-ncp-iam-access-key': [Array],
        'x-ncp-apigw-timestamp': [Array],
        'x-ncp-apigw-signature-v2': [Array],
        'user-agent': [Array],
        'content-length': [Array],
        host: [Array] } },
  data:
   { statusCode: '202',
     statusName: 'success',
     requestId: 'bd796384027f4fdeabf8285fb2e987b5',
     requestTime: '2020-12-29T17:38:14.894' } }
[0mPOST /api/send [36m302[0m 63.856 ms - 54[0m
[0mGET /main [36m304[0m 3.043 ms - -[0m
[0mGET /views/style/style.css [36m304[0m 1.045 ms - -[0m
[0mGET /main [36m304[0m 2.652 ms - -[0m
[0mGET /views/style/style.css [36m304[0m 0.876 ms - -[0m
[0mGET /main [32m200[0m 4.038 ms - 1876[0m
[0mGET /views/style/style.css [36m304[0m 1.197 ms - -[0m
[0mGET /favicon.ico [32m200[0m 1.316 ms - 67646[0m
[0mGET /main [32m200[0m 6.371 ms - 1877[0m
[0mGET /views/style/style.css [36m304[0m 1.126 ms - -[0m
[0mGET /favicon.ico [32m200[0m 1.029 ms - 67646[0m
[0mGET /main [36m304[0m 3.055 ms - -[0m
[0mGET /views/style/style.css [36m304[0m 1.004 ms - -[0m
[0mGET /main [32m200[0m 5.163 ms - 1939[0m
[0mGET /views/style/style.css [36m304[0m 1.053 ms - -[0m
[0mGET /favicon.ico [32m200[0m 1.199 ms - 67646[0m
[0mGET /views/style/style.css [36m304[0m 1.224 ms - -[0m
[0mGET /main [32m200[0m 7.677 ms - 1939[0m
[0mGET /views/style/style.css [32m200[0m 1.350 ms - 407[0m
[0mGET /favicon.ico [32m200[0m 0.792 ms - 67646[0m
[0mGET /logout [36m302[0m 1.190 ms - 46[0m
[0mGET / [36m302[0m 0.628 ms - 56[0m
[0mGET /login [32m200[0m 1.882 ms - 2029[0m
[0mGET /img/suapc2020.png [32m200[0m 1.018 ms - 65265[0m
[0mPOST /chkuser [36m302[0m 2.372 ms - 54[0m
[0mGET /main [32m200[0m 2.763 ms - 1939[0m
[0mGET /views/style/style.css [32m200[0m 1.214 ms - 389[0m
[0mGET /main [32m200[0m 2.443 ms - 1939[0m
[0mGET /views/style/style.css [32m200[0m 1.107 ms - 389[0m
[0mGET /favicon.ico [32m200[0m 1.113 ms - 67646[0m
[0mGET /main [32m200[0m 2.885 ms - 1939[0m
[0mGET /views/style/style.css [32m200[0m 1.371 ms - 393[0m
[0mGET /favicon.ico [32m200[0m 1.090 ms - 67646[0m
[0mGET /main [32m200[0m 2.684 ms - 1939[0m
[0mGET /views/style/style.css [32m200[0m 1.085 ms - 393[0m
[0mGET /favicon.ico [32m200[0m 0.941 ms - 67646[0m
[0mGET /main [32m200[0m 2.485 ms - 1939[0m
[0mGET /views/style/style.css [32m200[0m 1.044 ms - 393[0m
[0mGET /favicon.ico [32m200[0m 1.022 ms - 67646[0m
[0mGET /main [32m200[0m 3.665 ms - 1939[0m
[0mGET /views/style/style.css [32m200[0m 0.901 ms - 394[0m
[0mGET /favicon.ico [32m200[0m 0.913 ms - 67646[0m
[0mGET /main [32m200[0m 2.757 ms - 1939[0m
[0mGET /views/style/style.css [32m200[0m 1.128 ms - 394[0m
[0mGET /favicon.ico [32m200[0m 7.282 ms - 67646[0m
[0mGET /main [32m200[0m 3.861 ms - 1939[0m
[0mGET /views/style/style.css [32m200[0m 1.277 ms - 464[0m
[0mGET /favicon.ico [32m200[0m 0.881 ms - 67646[0m
[0mGET /main [32m200[0m 3.292 ms - 1939[0m
[0mGET /views/style/style.css [32m200[0m 1.309 ms - 464[0m
[0mGET /logout [36m302[0m 1.344 ms - 46[0m
[0mGET / [36m302[0m 0.738 ms - 56[0m
[0mGET /login [32m200[0m 1.629 ms - 2029[0m
[0mGET /img/suapc2020.png [32m200[0m 1.081 ms - 65265[0m
[0mGET /login [32m200[0m 2.110 ms - 2029[0m
[0mGET /login [32m200[0m 5.295 ms - 2029[0m
[0mGET /img/suapc2020.png [32m200[0m 1.281 ms - 65265[0m
[0mGET /favicon.ico [32m200[0m 1.175 ms - 67646[0m
[0mPOST /chkuser [36m302[0m 1.804 ms - 54[0m
[0mGET /main [32m200[0m 2.167 ms - 1939[0m
[0mGET /views/style/style.css [32m200[0m 0.868 ms - 464[0m
[0mGET /main [32m200[0m 3.520 ms - 1939[0m
[0mGET /views/style/style.css [32m200[0m 1.370 ms - 464[0m
[0mGET /favicon.ico [32m200[0m 0.632 ms - 67646[0m
01041711523
[ { to: '01041711523', subject: '' } ]
{ status: 202,
  statusText: 'Accepted',
  headers:
   { server: 'nginx',
     date: 'Tue, 29 Dec 2020 09:00:23 GMT',
     'content-type': 'application/json;charset=UTF-8',
     'transfer-encoding': 'chunked',
     connection: 'close',
     'x-application-context': 'application:prod',
     'x-ncp-trace-id': '3achjc5j3ecb330cho74q3goho',
     'x-ncp-apigw-response-origin': 'ENDPOINT' },
  config:
   { url:
      'https://sens.apigw.ntruss.com/sms/v2/services/ncp:sms:kr:262925160078:icpc_sinchon_sms/messages',
     method: 'post',
     data:
      '{"type":"SMS","countryCode":"82","from":"01023250564","content":"ì•ˆë…•í•˜ì„¸ìš” ICPC Sinchonì…ë‹ˆë‹¤.\\r\\nì•ˆë…•í•˜ì„¸ìš” ICPC Sinchonì…ë‹ˆë‹¤.\\r\\nì•ˆë…•í•˜ì„¸ìš” ICPC Sinchonì…ë‹ˆë‹¤.\\r\\nì•ˆë…•í•˜ì„¸ìš” ICPC Sinchonì…ë‹ˆë‹¤.\\r\\nì•ˆë…•í•˜ì„¸ìš” ICPC Sinchonì…ë‹ˆë‹¤.\\r\\nì•ˆë…•í•˜ì„¸ìš” ICPC Sinchonì…ë‹ˆë‹¤.\\r\\nì•ˆë…•í•˜ì„¸ìš” ICPC Sinchonì…ë‹ˆë‹¤.\\r\\nì•ˆë…•í•˜ì„¸ìš” ICPC Sinchonì…ë‹ˆë‹¤.\\r\\nì•ˆë…•í•˜ì„¸ìš” ICPC Sinchonì…ë‹ˆë‹¤.\\r\\nì•ˆë…•í•˜ì„¸ìš” ICPC Sinchonì…ë‹ˆë‹¤.\\r\\nì•ˆë…•í•˜ì„¸ìš” ICPC Sinchonì…ë‹ˆë‹¤.\\r\\nì•ˆë…•í•˜ì„¸ìš” ICPC Sinchonì…ë‹ˆë‹¤.\\r\\nì•ˆë…•í•˜ì„¸ìš” ICPC Sinchonì…ë‹ˆë‹¤.\\r\\nì•ˆë…•í•˜ì„¸ìš” ICPC Sinchonì…ë‹ˆë‹¤.\\r\\nì•ˆë…•í•˜ì„¸ìš” ICPC Sinchonì…ë‹ˆë‹¤.\\r\\nì•ˆë…•í•˜ì„¸ìš” ICPC Sinchonì…ë‹ˆë‹¤.\\r\\nì•ˆë…•í•˜ì„¸ìš” ICPC Sinchonì…ë‹ˆë‹¤.\\r\\nì•ˆë…•í•˜ì„¸ìš” ICPC Sinchonì…ë‹ˆë‹¤.\\r\\nã…\\r\\nì•ˆë…•í•˜ì„¸ìš” ICPC Sinchonì…ë‹ˆë‹¤.\\r\\nã…\\r\\nì•ˆë…•í•˜ì„¸ìš” ICPC Sinchonì…ë‹ˆë‹¤.\\r\\nì•ˆë…•í•˜ì„¸ìš” ICPC Sinchonì…ë‹ˆë‹¤.\\r\\nì•ˆë…•í•˜ì„¸ìš” ICPC Sinchonì…ë‹ˆë‹¤.\\r\\nì•ˆë…•í•˜ì„¸ìš” ICPC Sinchonì…ë‹ˆë‹¤.\\r\\nì•ˆë…•í•˜ì„¸ìš” ICPC Sinchonì…ë‹ˆë‹¤.\\r\\nã…\\r\\nì•ˆë…•í•˜ì„¸ìš” ICPC Sinchonì…ë‹ˆë‹¤.","messages":[{"to":"01041711523","subject":""}]}',
     headers:
      { Accept: 'application/json, text/plain, */*',
        'Content-Type': 'application/json;charset=utf-8',
        'x-ncp-iam-access-key': 'U7994LrYInffdB6OdR3w',
        'x-ncp-apigw-timestamp': '1609232423235',
        'x-ncp-apigw-signature-v2': 'HRqrPcWYUMrvs0FjwlnYNBshwmyXcajiTgIwEDkA7+c=',
        'User-Agent': 'axios/0.21.1',
        'Content-Length': 1181 },
     transformRequest: [ [Function: transformRequest] ],
     transformResponse: [ [Function: transformResponse] ],
     timeout: 0,
     adapter: [Function: httpAdapter],
     xsrfCookieName: 'XSRF-TOKEN',
     xsrfHeaderName: 'X-XSRF-TOKEN',
     maxContentLength: -1,
     maxBodyLength: -1,
     validateStatus: [Function: validateStatus] },
  request:
   ClientRequest {
     _events:
      [Object: null prototype] {
        socket: [Function],
        abort: [Function],
        aborted: [Function],
        connect: [Function],
        error: [Function],
        timeout: [Function],
        prefinish: [Function: requestOnPrefinish] },
     _eventsCount: 7,
     _maxListeners: undefined,
     output: [],
     outputEncodings: [],
     outputCallbacks: [],
     outputSize: 0,
     writable: true,
     _last: true,
     chunkedEncoding: false,
     shouldKeepAlive: false,
     useChunkedEncodingByDefault: true,
     sendDate: false,
     _removedConnection: false,
     _removedContLen: false,
     _removedTE: false,
     _contentLength: null,
     _hasBody: true,
     _trailer: '',
     finished: true,
     _headerSent: true,
     socket:
      TLSSocket {
        _tlsOptions: [Object],
        _secureEstablished: true,
        _securePending: false,
        _newSessionPending: false,
        _controlReleased: true,
        _SNICallback: null,
        servername: 'sens.apigw.ntruss.com',
        alpnProtocol: false,
        authorized: true,
        authorizationError: null,
        encrypted: true,
        _events: [Object],
        _eventsCount: 8,
        connecting: false,
        _hadError: false,
        _handle: [TLSWrap],
        _parent: null,
        _host: 'sens.apigw.ntruss.com',
        _readableState: [ReadableState],
        readable: true,
        _maxListeners: undefined,
        _writableState: [WritableState],
        writable: false,
        allowHalfOpen: false,
        _sockname: null,
        _pendingData: null,
        _pendingEncoding: '',
        server: undefined,
        _server: null,
        ssl: [TLSWrap],
        _requestCert: true,
        _rejectUnauthorized: true,
        parser: null,
        _httpMessage: [Circular],
        [Symbol(res)]: [TLSWrap],
        [Symbol(asyncId)]: 4783,
        [Symbol(lastWriteQueueSize)]: 0,
        [Symbol(timeout)]: null,
        [Symbol(kBytesRead)]: 0,
        [Symbol(kBytesWritten)]: 0,
        [Symbol(connect-options)]: [Object] },
     connection:
      TLSSocket {
        _tlsOptions: [Object],
        _secureEstablished: true,
        _securePending: false,
        _newSessionPending: false,
        _controlReleased: true,
        _SNICallback: null,
        servername: 'sens.apigw.ntruss.com',
        alpnProtocol: false,
        authorized: true,
        authorizationError: null,
        encrypted: true,
        _events: [Object],
        _eventsCount: 8,
        connecting: false,
        _hadError: false,
        _handle: [TLSWrap],
        _parent: null,
        _host: 'sens.apigw.ntruss.com',
        _readableState: [ReadableState],
        readable: true,
        _maxListeners: undefined,
        _writableState: [WritableState],
        writable: false,
        allowHalfOpen: false,
        _sockname: null,
        _pendingData: null,
        _pendingEncoding: '',
        server: undefined,
        _server: null,
        ssl: [TLSWrap],
        _requestCert: true,
        _rejectUnauthorized: true,
        parser: null,
        _httpMessage: [Circular],
        [Symbol(res)]: [TLSWrap],
        [Symbol(asyncId)]: 4783,
        [Symbol(lastWriteQueueSize)]: 0,
        [Symbol(timeout)]: null,
        [Symbol(kBytesRead)]: 0,
        [Symbol(kBytesWritten)]: 0,
        [Symbol(connect-options)]: [Object] },
     _header:
      'POST /sms/v2/services/ncp:sms:kr:262925160078:icpc_sinchon_sms/messages HTTP/1.1\r\nAccept: application/json, text/plain, */*\r\nContent-Type: application/json;charset=utf-8\r\nx-ncp-iam-access-key: U7994LrYInffdB6OdR3w\r\nx-ncp-apigw-timestamp: 1609232423235\r\nx-ncp-apigw-signature-v2: HRqrPcWYUMrvs0FjwlnYNBshwmyXcajiTgIwEDkA7+c=\r\nUser-Agent: axios/0.21.1\r\nContent-Length: 1181\r\nHost: sens.apigw.ntruss.com\r\nConnection: close\r\n\r\n',
     _onPendingData: [Function: noopPendingOutput],
     agent:
      Agent {
        _events: [Object],
        _eventsCount: 1,
        _maxListeners: undefined,
        defaultPort: 443,
        protocol: 'https:',
        options: [Object],
        requests: {},
        sockets: [Object],
        freeSockets: {},
        keepAliveMsecs: 1000,
        keepAlive: false,
        maxSockets: Infinity,
        maxFreeSockets: 256,
        maxCachedSessions: 100,
        _sessionCache: [Object] },
     socketPath: undefined,
     timeout: undefined,
     method: 'POST',
     insecureHTTPParser: undefined,
     path:
      '/sms/v2/services/ncp:sms:kr:262925160078:icpc_sinchon_sms/messages',
     _ended: true,
     res:
      IncomingMessage {
        _readableState: [ReadableState],
        readable: false,
        _events: [Object],
        _eventsCount: 3,
        _maxListeners: undefined,
        socket: [TLSSocket],
        connection: [TLSSocket],
        httpVersionMajor: 1,
        httpVersionMinor: 1,
        httpVersion: '1.1',
        complete: true,
        headers: [Object],
        rawHeaders: [Array],
        trailers: {},
        rawTrailers: [],
        aborted: false,
        upgrade: false,
        url: '',
        method: null,
        statusCode: 202,
        statusMessage: 'Accepted',
        client: [TLSSocket],
        _consuming: false,
        _dumped: false,
        req: [Circular],
        responseUrl:
         'https://sens.apigw.ntruss.com/sms/v2/services/ncp:sms:kr:262925160078:icpc_sinchon_sms/messages',
        redirects: [] },
     aborted: undefined,
     timeoutCb: null,
     upgradeOrConnect: false,
     parser: null,
     maxHeadersCount: null,
     _redirectable:
      Writable {
        _writableState: [WritableState],
        writable: true,
        _events: [Object],
        _eventsCount: 2,
        _maxListeners: undefined,
        _options: [Object],
        _ended: true,
        _ending: true,
        _redirectCount: 0,
        _redirects: [],
        _requestBodyLength: 1181,
        _requestBodyBuffers: [],
        _onNativeResponse: [Function],
        _currentRequest: [Circular],
        _currentUrl:
         'https://sens.apigw.ntruss.com/sms/v2/services/ncp:sms:kr:262925160078:icpc_sinchon_sms/messages' },
     [Symbol(isCorked)]: false,
     [Symbol(outHeadersKey)]:
      [Object: null prototype] {
        accept: [Array],
        'content-type': [Array],
        'x-ncp-iam-access-key': [Array],
        'x-ncp-apigw-timestamp': [Array],
        'x-ncp-apigw-signature-v2': [Array],
        'user-agent': [Array],
        'content-length': [Array],
        host: [Array] } },
  data:
   { statusCode: '202',
     statusName: 'success',
     requestId: '982b3a09f0ae41ab81698ebb11ac3bbc',
     requestTime: '2020-12-29T18:00:23.324' } }
[0mPOST /api/send [36m302[0m 94.752 ms - 54[0m
[0mGET /main [32m200[0m 2.604 ms - 1939[0m
[0mGET /views/style/style.css [32m200[0m 1.136 ms - 464[0m
server has started
[0mGET /main [36m302[0m 10.616 ms - 46[0m
[0mGET / [36m302[0m 2.390 ms - 56[0m
[0mGET /login [32m200[0m 9.397 ms - 2029[0m
[0mGET /img/suapc2020.png [32m200[0m 6.801 ms - 65265[0m
[0mGET /favicon.ico [32m200[0m 1.254 ms - 67646[0m
